 > TOTAL TIME   = 30.774000 s

-------------------------------------------------------------------------------
| FILE                 : FUNCTION              : LINE  : TIME   : %     : #   |
-------------------------------------------------------------------------------
| [string "boot.lua"]  : Anon                  :  594  : 30.4100: 98.8  :  71 |
| input                : update                :   60  : 26.3060: 85.5  :  71 |
| main                 : Anon                  :   27  : 26.2700: 85.4  :  71 |
| Objects/ScreenControl: update                :   13  : 26.2690: 85.4  :  70 |
| Objects/OrderedUpdate: update                :   18  : 25.9000: 84.2  :  70 |
| Objects/Boidv3       : update                :   30  : 24.9470: 81.1  : 14400|
| Objects/Boidv3       : observe               :   71  : 24.0270: 78.1  : 14400|
| windfield/init       : queryCircleArea       :  564  : 15.3900: 50.0  : 14400|
| windfield/mlib/mlib  : getCircleIntersection :  648  : 3.7550 : 12.2  : 188776|
| main                 : draw                  :   33  : 3.6400 : 11.8  :  70 |
| Objects/ScreenControl: draw                  :   26  : 3.6390 : 11.8  :  70 |
| Objects/OrderedUpdate: draw                  :   29  : 3.6360 : 11.8  :  70 |
| windfield/init       : _queryBoundingBox     :  528  : 2.8350 : 9.2   : 14400|
| windfield/init       : draw                  :   75  : 2.7420 : 8.9   :  70 |
| windfield/init       : collisionClassInCollis:  538  : 2.6540 : 8.6   : 126449|
| Objects/Boidv3       : separation            :  113  : 2.6030 : 8.5   : 13409|
| Objects/Boidv3       : aligment              :   94  : 2.3930 : 7.8   : 13409|
| windfield/init       : Anon                  :  530  : 2.0120 : 6.5   : 252898|
| Objects/Boidv3       : cohesion              :  140  : 1.3700 : 4.5   : 13409|
| vector               : isvector              :   54  : 1.2410 : 4.0   : 480522|
| windfield/init       : update                :   70  : 0.9020 : 2.9   :  70 |
| windfield/mlib/mlib  : validateNumber        :   99  : 0.7610 : 2.5   : 110382|
| windfield/mlib/mlib  : checkFuzzy            :   29  : 0.4060 : 1.3   : 159861|
| vector               : normalizeInplace      :  144  : 0.3730 : 1.2   : 45451|
| vector               : trimInplace           :  191  : 0.3700 : 1.2   : 34142|
| Objects/ScreenControl: new                   :    5  : 0.3530 : 1.1   :   1 |
| classic              : ScreenControler       :   61  : 0.3530 : 1.1   :   1 |
| windfield/init       : getObject             :  896  : 0.3210 : 1.0   : 112853|
| Objects/OrderedUpdate: Anon                  :   32  : 0.3060 : 1.0   : 113974|
| Objects/OrderedUpdate: addScreenObject       :   44  : 0.3040 : 1.0   : 300 |
| classic              : Anon                  :   61  : 0.3000 : 1.0   : 300 |
| Objects/Boidv3       : new                   :    6  : 0.2960 : 1.0   : 300 |
| windfield/init       : UUID                  :  702  : 0.2570 : 0.8   : 300 |
| windfield/init       : collisionEventsClear  :  206  : 0.2340 : 0.8   :  73 |
| Objects/Boidv3       : draw                  :   61  : 0.2310 : 0.8   : 14700|
| windfield/init       : Anon                  :  410  : 0.1420 : 0.5   : 2476|
| windfield/init       : Anon                  :  472  : 0.1380 : 0.4   : 946 |
| windfield/init       : Anon                  :  441  : 0.1350 : 0.4   : 946 |
| windfield/init       : Anon                  :  379  : 0.1310 : 0.4   : 2572|
| windfield/init       : collIf                :  372  : 0.1150 : 0.4   : 37848|
| vector               : len2                  :  122  : 0.0930 : 0.3   : 34142|
| windfield/init       : collisionEventsClear  :  814  : 0.0900 : 0.3   : 14400|
| [string "RandomGenera: random                :   33  : 0.0680 : 0.2   : 10500|
| input                : pressed               :   75  : 0.0670 : 0.2   : 210 |
| input                : Anon                  :  219  : 0.0350 : 0.1   :  70 |
| windfield/init       : collEnsure            :  367  : 0.0160 : 0.1   : 6308|
| windfield/init       : postSolve             :  785  : 0.0120 : 0.0   : 3784|
| main                 : readObjects           :   39  : 0.0110 : 0.0   :   1 |
| windfield/init       : preSolve              :  784  : 0.0100 : 0.0   : 3784|
| Objects/OrderedUpdate: new                   :    4  : 0.0080 : 0.0   :   1 |
| windfield/init       : collisionClassesSet   :  173  : 0.0080 : 0.0   :   3 |
| classic              : OrderedUpdate         :   61  : 0.0080 : 0.0   :   1 |
| windfield/init       : addCollisionClass     :  145  : 0.0080 : 0.0   :   3 |
| windfield/init       : setCollisionClass     :  821  : 0.0060 : 0.0   : 300 |
| windfield/init       : isCollisionBetweenSens:  269  : 0.0050 : 0.0   :  80 |
| windfield/init       : addCollisionEnter     :  214  : 0.0040 : 0.0   :  20 |
| windfield/init       : doesType1IgnoreType2  :  238  : 0.0030 : 0.0   : 160 |
| input                : bind                  :   69  : 0.0030 : 0.0   : 302 |
| windfield/init       : addCollisionExit      :  220  : 0.0020 : 0.0   :  20 |
| windfield/init       : newWorld              :   32  : 0.0010 : 0.0   :   1 |
| windfield/init       : getCollisionCallbacksT:  355  : 0.0010 : 0.0   :   3 |
| timer                : update                :   53  : 0.0010 : 0.0   :  71 |
-------------------------------------------------------------------------------
| windfield/init       : setObject             :  892  : ~      : ~     : 300 |
| input                : Anon                  :  263  : ~      : ~     :   2 |
| [string "boot.lua"]  : Anon                  :  204  : ~      : ~     :   2 |
| vector               : dist                  :  130  : ~      : ~     : 61031|
| vector               : __sub                 :   33  : ~      : ~     : 47551|
| vector               : __sub                 :   80  : ~      : ~     : 47551|
| vector               : __mul                 :   33  : ~      : ~     : 61951|
| vector               : __mul                 :   85  : ~      : ~     : 61951|
| main                 : after                 :   19  : ~      : ~     :   1 |
| profiler             : stop                  :  152  : ~      : ~     :   1 |
| windfield/init       : setLinearVelocity     :  791  : ~      : ~     : 14400|
| windfield/init       : getPosition           :  791  : ~      : ~     : 14708|
| windfield/init       : setPosition           :  791  : ~      : ~     : 308 |
| Objects/Boidv3       : clamp                 :  159  : ~      : ~     : 14400|
| windfield/mlib/mlib  : getLength             :  148  : ~      : ~     : 188776|
| vector               : len                   :  126  : ~      : ~     : 45451|
| vector               : __add                 :   75  : ~      : ~     : 115658|
| vector               : __div                 :   96  : ~      : ~     : 32042|
| vector               : __div                 :   33  : ~      : ~     : 32042|
| vector               : __add                 :   33  : ~      : ~     : 115658|
| [string "wrap_Math.lu: random                :   37  : ~      : ~     : 1200|
| windfield/init       : Anon                  :  703  : ~      : ~     : 9300|
| windfield/init       : collisionClear        :  190  : ~      : ~     :   4 |
| windfield/init       : new                   :   52  : ~      : ~     :   1 |
| windfield/init       : generateCategoriesMask:  277  : ~      : ~     :   3 |
| windfield/init       : addCollisionPre       :  226  : ~      : ~     :  20 |
| timer                : after                 :   77  : ~      : ~     :   1 |
| timer                : after                 :   71  : ~      : ~     :   1 |
| windfield/init       : setQueryDebugDrawing  :  137  : ~      : ~     :   1 |
| windfield/init       : addCollisionPost      :  232  : ~      : ~     :  20 |
| input                : Input                 :  292  : ~      : ~     :   1 |
| input                : Input                 :   41  : ~      : ~     :   1 |
| Objects/Boidv3       : Anon                  :    0  : ~      : ~     :   1 |
| Objects/ScreenControl: Anon                  :    0  : ~      : ~     :   1 |
| timer                : Timer                 :  195  : ~      : ~     :   1 |
| classic              : extend                :   19  : ~      : ~     :   3 |
| Objects/OrderedUpdate: Anon                  :    0  : ~      : ~     :   1 |
| [string "boot.lua"]  : Anon                  :  201  : ~      : ~     :   2 |
| input                : Anon                  :   60  : ~      : ~     :   4 |
| input                : Anon                  :   57  : ~      : ~     :   4 |
| input                : Anon                  :  259  : ~      : ~     :   2 |
| windfield/init       : newCircleCollider     :  503  : ~      : ~     : 300 |
| windfield/init       : newCircleCollider     :  711  : ~      : ~     : 300 |
| [string "RandomGenera: random                :   75  : ~      : ~     : 10500|
| vector               : new                   :   33  : ~      : ~     : 52436|
| [string "boot.lua"]  : Anon                  :  198  : ~      : ~     :   9 |
| [string "boot.lua"]  : Anon                  :  252  : ~      : ~     :   1 |
| [string "boot.lua"]  : Anon                  :  246  : ~      : ~     :   1 |
| [string "boot.lua"]  : Anon                  :  249  : ~      : ~     :   5 |
| [string "boot.lua"]  : Anon                  :  195  : ~      : ~     :   4 |
| [string "wrap_Event.l: poll                  :   25  : ~      : ~     :  71 |
| timer                : updateTimerHandle     :   32  : ~      : ~     :  71 |
| timer                : during                :   30  : ~      : ~     :  71 |
| input                : copy                  :  213  : ~      : ~     :  70 |
-------------------------------------------------------------------------------
