 > TOTAL TIME   = 30.765000 s

-------------------------------------------------------------------------------
| FILE                 : FUNCTION              : LINE  : TIME   : %     : #   |
-------------------------------------------------------------------------------
| [string "boot.lua"]  : Anon                  :  594  : 30.4160: 98.9  :  52 |
| input                : update                :   60  : 26.3560: 85.7  :  52 |
| main                 : Anon                  :   26  : 26.3240: 85.6  :  52 |
| Objects/ScreenControl: update                :   13  : 26.3230: 85.6  :  51 |
| Objects/OrderedUpdate: update                :   18  : 26.0170: 84.6  :  51 |
| Objects/Boidv3       : update                :   36  : 25.1030: 81.6  : 14100|
| Objects/Boidv3       : observe               :   88  : 24.1650: 78.5  : 14100|
| windfield/init       : queryCircleArea       :  564  : 15.4460: 50.2  : 14100|
| main                 : draw                  :   32  : 3.8830 : 12.6  :  51 |
| Objects/ScreenControl: draw                  :   26  : 3.8820 : 12.6  :  51 |
| Objects/OrderedUpdate: draw                  :   29  : 3.8790 : 12.6  :  51 |
| windfield/mlib/mlib  : getCircleIntersection :  648  : 3.6520 : 11.9  : 174372|
| windfield/init       : _queryBoundingBox     :  528  : 2.8880 : 9.4   : 14100|
| windfield/init       : draw                  :   75  : 2.8510 : 9.3   :  51 |
| windfield/init       : collisionClassInCollis:  538  : 2.6620 : 8.7   : 116571|
| Objects/Boidv3       : separation            :  125  : 2.4920 : 8.1   : 13119|
| windfield/init       : Anon                  :  530  : 2.0400 : 6.6   : 233142|
| Objects/Boidv3       : cohesion              :  152  : 1.4690 : 4.8   : 13119|
| vector               : isvector              :   54  : 1.2240 : 4.0   : 445583|
| Objects/Boidv3       : aligment              :  111  : 1.1610 : 3.8   : 13119|
| windfield/init       : update                :   70  : 0.8680 : 2.8   :  51 |
| windfield/mlib/mlib  : validateNumber        :   99  : 0.6920 : 2.2   : 102220|
| windfield/init       : getObject             :  896  : 0.4650 : 1.5   : 148313|
| windfield/mlib/mlib  : checkFuzzy            :   29  : 0.4330 : 1.4   : 147296|
| vector               : normalizeInplace      :  144  : 0.3980 : 1.3   : 42522|
| vector               : trimInplace           :  191  : 0.3830 : 1.2   : 32954|
| Objects/Boidv3       : draw                  :   74  : 0.3560 : 1.2   : 14400|
| classic              : ScreenControler       :   61  : 0.3470 : 1.1   :   1 |
| Objects/ScreenControl: new                   :    5  : 0.3470 : 1.1   :   1 |
| Objects/OrderedUpdate: Anon                  :   32  : 0.2760 : 0.9   : 111648|
| Objects/OrderedUpdate: addScreenObject       :   44  : 0.2710 : 0.9   : 300 |
| classic              : Anon                  :   61  : 0.2670 : 0.9   : 300 |
| Objects/Boidv3       : new                   :    6  : 0.2640 : 0.9   : 300 |
| windfield/init       : collisionEventsClear  :  206  : 0.2530 : 0.8   :  54 |
| windfield/init       : UUID                  :  702  : 0.2240 : 0.7   : 300 |
| windfield/init       : Anon                  :  472  : 0.1400 : 0.5   : 793 |
| windfield/init       : Anon                  :  441  : 0.1250 : 0.4   : 793 |
| windfield/init       : Anon                  :  379  : 0.1180 : 0.4   : 2336|
| windfield/init       : Anon                  :  410  : 0.1160 : 0.4   : 2272|
| vector               : len2                  :  122  : 0.0940 : 0.3   : 32954|
| windfield/init       : collisionEventsClear  :  814  : 0.0870 : 0.3   : 14100|
| [string "RandomGenera: random                :   33  : 0.0840 : 0.3   : 10500|
| windfield/init       : collIf                :  372  : 0.0780 : 0.3   : 32856|
| windfield/init       : enter                 :  832  : 0.0770 : 0.3   : 14100|
| input                : pressed               :   75  : 0.0330 : 0.1   : 153 |
| input                : Anon                  :  219  : 0.0320 : 0.1   :  51 |
| windfield/init       : collEnsure            :  367  : 0.0110 : 0.0   : 5476|
| classic              : OrderedUpdate         :   61  : 0.0090 : 0.0   :   1 |
| windfield/init       : addCollisionClass     :  145  : 0.0090 : 0.0   :   3 |
| windfield/init       : collisionClassesSet   :  173  : 0.0090 : 0.0   :   3 |
| Objects/OrderedUpdate: new                   :    4  : 0.0090 : 0.0   :   1 |
| windfield/init       : preSolve              :  784  : 0.0080 : 0.0   : 3172|
| windfield/init       : getEnterCollisionData :  846  : 0.0070 : 0.0   : 1100|
| windfield/init       : postSolve             :  785  : 0.0070 : 0.0   : 3172|
| windfield/init       : doesType1IgnoreType2  :  238  : 0.0060 : 0.0   : 160 |
| windfield/init       : isCollisionBetweenSens:  269  : 0.0060 : 0.0   :  80 |
| windfield/init       : setCollisionClass     :  821  : 0.0050 : 0.0   : 300 |
| windfield/init       : addCollisionExit      :  220  : 0.0030 : 0.0   :  20 |
| main                 : readObjects           :   38  : 0.0020 : 0.0   :   1 |
| timer                : update                :   53  : 0.0010 : 0.0   :  52 |
| timer                : updateTimerHandle     :   32  : 0.0010 : 0.0   :  52 |
| windfield/init       : setObject             :  892  : 0.0010 : 0.0   : 300 |
| windfield/init       : newWorld              :   32  : 0.0010 : 0.0   :   1 |
| windfield/init       : generateCategoriesMask:  277  : 0.0010 : 0.0   :   3 |
| windfield/init       : addCollisionEnter     :  214  : 0.0010 : 0.0   :  20 |
| windfield/init       : addCollisionPost      :  232  : 0.0010 : 0.0   :  20 |
| windfield/init       : addCollisionPre       :  226  : 0.0010 : 0.0   :  20 |
| windfield/init       : getCollisionCallbacksT:  355  : 0.0010 : 0.0   :   3 |
-------------------------------------------------------------------------------
| [string "boot.lua"]  : Anon                  :  204  : ~      : ~     :   2 |
| input                : Anon                  :  263  : ~      : ~     :   2 |
| windfield/init       : setLinearVelocity     :  791  : ~      : ~     : 14100|
| windfield/init       : getPosition           :  791  : ~      : ~     : 14408|
| vector               : dist                  :  130  : ~      : ~     : 54280|
| vector               : __sub                 :   33  : ~      : ~     : 46073|
| input                : Anon                  :  288  : ~      : ~     :  55 |
| main                 : after                 :   19  : ~      : ~     :   1 |
| profiler             : stop                  :  152  : ~      : ~     :   1 |
| [string "boot.lua"]  : Anon                  :  237  : ~      : ~     :  55 |
| [string "boot.lua"]  : Anon                  :  225  : ~      : ~     :  55 |
| windfield/init       : setPosition           :  791  : ~      : ~     : 308 |
| vector               : __sub                 :   80  : ~      : ~     : 46073|
| vector               : __mul                 :   33  : ~      : ~     : 60173|
| vector               : __add                 :   75  : ~      : ~     : 107737|
| windfield/mlib/mlib  : getLength             :  148  : ~      : ~     : 174372|
| vector               : __add                 :   33  : ~      : ~     : 107737|
| vector               : __div                 :   96  : ~      : ~     : 29403|
| vector               : __mul                 :   85  : ~      : ~     : 60173|
| vector               : len                   :  126  : ~      : ~     : 42522|
| vector               : __div                 :   33  : ~      : ~     : 29403|
| [string "RandomGenera: random                :   75  : ~      : ~     : 10500|
| windfield/init       : collisionClear        :  190  : ~      : ~     :   4 |
| windfield/init       : new                   :   52  : ~      : ~     :   1 |
| windfield/init       : setQueryDebugDrawing  :  137  : ~      : ~     :   1 |
| timer                : after                 :   71  : ~      : ~     :   1 |
| timer                : after                 :   77  : ~      : ~     :   1 |
| input                : bind                  :   69  : ~      : ~     :   2 |
| input                : Input                 :  292  : ~      : ~     :   1 |
| input                : Input                 :   41  : ~      : ~     :   1 |
| Objects/Boidv3       : Anon                  :    0  : ~      : ~     :   1 |
| Objects/ScreenControl: Anon                  :    0  : ~      : ~     :   1 |
| timer                : Timer                 :  195  : ~      : ~     :   1 |
| classic              : extend                :   19  : ~      : ~     :   3 |
| Objects/OrderedUpdate: Anon                  :    0  : ~      : ~     :   1 |
| input                : Anon                  :   57  : ~      : ~     :  59 |
| input                : Anon                  :  259  : ~      : ~     :   2 |
| [string "wrap_Math.lu: random                :   37  : ~      : ~     : 1200|
| input                : Anon                  :   60  : ~      : ~     :  59 |
| [string "boot.lua"]  : Anon                  :  201  : ~      : ~     :   2 |
| windfield/init       : Anon                  :  703  : ~      : ~     : 9300|
| windfield/init       : newCircleCollider     :  711  : ~      : ~     : 300 |
| vector               : new                   :   33  : ~      : ~     : 50806|
| windfield/init       : newCircleCollider     :  503  : ~      : ~     : 300 |
| [string "boot.lua"]  : Anon                  :  252  : ~      : ~     :   1 |
| [string "boot.lua"]  : Anon                  :  246  : ~      : ~     :   5 |
| [string "boot.lua"]  : Anon                  :  249  : ~      : ~     :   6 |
| [string "boot.lua"]  : Anon                  :  198  : ~      : ~     :  16 |
| [string "boot.lua"]  : Anon                  :  240  : ~      : ~     :   1 |
| [string "boot.lua"]  : Anon                  :  195  : ~      : ~     :   4 |
| [string "wrap_Event.l: poll                  :   25  : ~      : ~     :  52 |
| timer                : during                :   30  : ~      : ~     :  52 |
| input                : copy                  :  213  : ~      : ~     :  51 |
-------------------------------------------------------------------------------
