 > TOTAL TIME   = 41.976000 s

-------------------------------------------------------------------------------
| FILE                 : FUNCTION              : LINE  : TIME   : %     : #   |
-------------------------------------------------------------------------------
| [string "boot.lua"]  : Anon                  :  594  : 41.6070: 99.1  :  39 |
| input                : update                :   60  : 39.0960: 93.1  :  39 |
| main                 : Anon                  :   27  : 39.0710: 93.1  :  39 |
| Objects/ScreenControl: update                :   13  : 39.0710: 93.1  :  38 |
| Objects/OrderedUpdate: update                :   18  : 38.7380: 92.3  :  38 |
| Objects/Boidv3       : update                :   32  : 35.2290: 83.9  : 9600|
| Objects/Boidv3       : observe               :   75  : 34.5320: 82.3  : 9600|
| windfield/init       : queryCircleArea       :  564  : 18.8670: 44.9  : 9600|
| vector               : isvector              :   54  : 6.6080 : 15.7  : 687922|
| Objects/Boidv3       : separation            :  117  : 5.6140 : 13.4  : 9047|
| Objects/Boidv3       : aligment              :   98  : 5.4980 : 13.1  : 9047|
| windfield/mlib/mlib  : getCircleIntersection :  648  : 4.8510 : 11.6  : 211776|
| windfield/init       : _queryBoundingBox     :  528  : 3.6910 : 8.8   : 9600|
| windfield/init       : update                :   70  : 3.4850 : 8.3   :  38 |
| windfield/init       : collisionClassInCollis:  538  : 3.4370 : 8.2   : 172747|
| windfield/init       : Anon                  :  530  : 2.5990 : 6.2   : 345494|
| Objects/ScreenControl: draw                  :   26  : 2.3590 : 5.6   :  38 |
| Objects/OrderedUpdate: draw                  :   29  : 2.3590 : 5.6   :  38 |
| main                 : draw                  :   33  : 2.3590 : 5.6   :  38 |
| windfield/init       : draw                  :   75  : 1.7790 : 4.2   :  38 |
| Objects/Boidv3       : cohesion              :  144  : 1.3760 : 3.3   : 9047|
| windfield/mlib/mlib  : validateNumber        :   99  : 0.9560 : 2.3   : 164676|
| windfield/init       : getObject             :  896  : 0.7210 : 1.7   : 257291|
| windfield/mlib/mlib  : checkFuzzy            :   29  : 0.6970 : 1.7   : 288861|
| Objects/ScreenControl: new                   :    5  : 0.3680 : 0.9   :   1 |
| classic              : ScreenControler       :   61  : 0.3680 : 0.9   :   1 |
| windfield/init       : Anon                  :  379  : 0.2880 : 0.7   : 6548|
| Objects/OrderedUpdate: addScreenObject       :   44  : 0.2840 : 0.7   : 300 |
| classic              : Anon                  :   61  : 0.2800 : 0.7   : 300 |
| Objects/Boidv3       : new                   :    6  : 0.2770 : 0.7   : 300 |
| windfield/init       : Anon                  :  472  : 0.2590 : 0.6   : 1835|
| windfield/init       : Anon                  :  441  : 0.2560 : 0.6   : 1835|
| vector               : trimInplace           :  190  : 0.2430 : 0.6   : 23051|
| windfield/init       : UUID                  :  702  : 0.2360 : 0.6   : 300 |
| vector               : normalizeInplace      :  143  : 0.2040 : 0.5   : 30999|
| Objects/OrderedUpdate: Anon                  :   32  : 0.1930 : 0.5   : 76758|
| windfield/init       : collIf                :  372  : 0.1790 : 0.4   : 68832|
| Objects/Boidv3       : draw                  :   65  : 0.1520 : 0.4   : 9900|
| windfield/init       : collisionEventsClear  :  206  : 0.1500 : 0.4   :  41 |
| windfield/init       : Anon                  :  410  : 0.0810 : 0.2   : 1716|
| [string "RandomGenera: random                :   33  : 0.0810 : 0.2   : 10500|
| vector               : len2                  :  121  : 0.0560 : 0.1   : 23051|
| windfield/init       : collisionEventsClear  :  814  : 0.0480 : 0.1   : 9600|
| input                : pressed               :   75  : 0.0410 : 0.1   : 114 |
| windfield/init       : collEnsure            :  367  : 0.0380 : 0.1   : 11472|
| input                : Anon                  :  219  : 0.0240 : 0.1   :  38 |
| windfield/init       : preSolve              :  784  : 0.0230 : 0.1   : 7340|
| windfield/init       : postSolve             :  785  : 0.0160 : 0.0   : 7340|
| windfield/init       : addCollisionClass     :  145  : 0.0070 : 0.0   :   3 |
| classic              : OrderedUpdate         :   61  : 0.0070 : 0.0   :   1 |
| windfield/init       : collisionClassesSet   :  173  : 0.0070 : 0.0   :   3 |
| Objects/OrderedUpdate: new                   :    4  : 0.0070 : 0.0   :   1 |
| windfield/init       : isCollisionBetweenSens:  269  : 0.0060 : 0.0   :  80 |
| windfield/init       : doesType1IgnoreType2  :  238  : 0.0060 : 0.0   : 160 |
| windfield/init       : setCollisionClass     :  821  : 0.0030 : 0.0   : 300 |
| windfield/init       : addCollisionPre       :  226  : 0.0020 : 0.0   :  20 |
| windfield/init       : addCollisionExit      :  220  : 0.0020 : 0.0   :  20 |
| windfield/init       : addCollisionEnter     :  214  : 0.0020 : 0.0   :  20 |
| windfield/init       : newWorld              :   32  : 0.0010 : 0.0   :   1 |
| main                 : readObjects           :   39  : 0.0010 : 0.0   :   1 |
-------------------------------------------------------------------------------
| windfield/init       : setObject             :  892  : ~      : ~     : 300 |
| input                : Anon                  :  263  : ~      : ~     :   1 |
| [string "boot.lua"]  : Anon                  :  204  : ~      : ~     :   1 |
| vector               : dist                  :  129  : ~      : ~     : 132073|
| vector               : __sub                 :   79  : ~      : ~     : 32098|
| vector               : __sub                 :   33  : ~      : ~     : 32098|
| vector               : __mul                 :   33  : ~      : ~     : 41698|
| windfield/init       : setLinearVelocity     :  791  : ~      : ~     : 9600|
| windfield/init       : getPosition           :  791  : ~      : ~     : 9821|
| main                 : after                 :   19  : ~      : ~     :   1 |
| profiler             : stop                  :  152  : ~      : ~     :   1 |
| windfield/init       : setPosition           :  791  : ~      : ~     : 221 |
| Objects/Boidv3       : clamp                 :  163  : ~      : ~     : 9600|
| vector               : __mul                 :   84  : ~      : ~     : 41698|
| vector               : len                   :  125  : ~      : ~     : 30999|
| windfield/mlib/mlib  : getLength             :  148  : ~      : ~     : 211776|
| vector               : __div                 :   33  : ~      : ~     : 21952|
| vector               : __add                 :   74  : ~      : ~     : 168814|
| vector               : __div                 :   95  : ~      : ~     : 21952|
| vector               : __add                 :   33  : ~      : ~     : 168814|
| [string "wrap_Math.lu: random                :   37  : ~      : ~     : 1200|
| windfield/init       : collisionClear        :  190  : ~      : ~     :   4 |
| windfield/init       : new                   :   52  : ~      : ~     :   1 |
| windfield/init       : generateCategoriesMask:  277  : ~      : ~     :   3 |
| windfield/init       : getCollisionCallbacksT:  355  : ~      : ~     :   3 |
| timer                : after                 :   77  : ~      : ~     :   1 |
| timer                : after                 :   71  : ~      : ~     :   1 |
| input                : bind                  :   69  : ~      : ~     : 302 |
| windfield/init       : setQueryDebugDrawing  :  137  : ~      : ~     :   1 |
| windfield/init       : addCollisionPost      :  232  : ~      : ~     :  20 |
| input                : Input                 :  292  : ~      : ~     :   1 |
| input                : Input                 :   41  : ~      : ~     :   1 |
| Objects/Boidv3       : Anon                  :    0  : ~      : ~     :   1 |
| Objects/ScreenControl: Anon                  :    0  : ~      : ~     :   1 |
| timer                : Timer                 :  195  : ~      : ~     :   1 |
| classic              : extend                :   19  : ~      : ~     :   3 |
| Objects/OrderedUpdate: Anon                  :    0  : ~      : ~     :   1 |
| windfield/init       : Anon                  :  703  : ~      : ~     : 9300|
| [string "boot.lua"]  : Anon                  :  201  : ~      : ~     :   1 |
| input                : Anon                  :   60  : ~      : ~     :   2 |
| input                : Anon                  :   57  : ~      : ~     :   2 |
| input                : Anon                  :  259  : ~      : ~     :   1 |
| [string "RandomGenera: random                :   75  : ~      : ~     : 10500|
| vector               : new                   :   33  : ~      : ~     : 35989|
| windfield/init       : newCircleCollider     :  503  : ~      : ~     : 300 |
| windfield/init       : newCircleCollider     :  711  : ~      : ~     : 300 |
| [string "boot.lua"]  : Anon                  :  195  : ~      : ~     :   4 |
| [string "boot.lua"]  : Anon                  :  198  : ~      : ~     :   6 |
| [string "boot.lua"]  : Anon                  :  252  : ~      : ~     :   1 |
| [string "boot.lua"]  : Anon                  :  246  : ~      : ~     :   1 |
| [string "wrap_Event.l: poll                  :   25  : ~      : ~     :  39 |
| [string "boot.lua"]  : Anon                  :  249  : ~      : ~     :   3 |
| timer                : updateTimerHandle     :   32  : ~      : ~     :  39 |
| timer                : update                :   53  : ~      : ~     :  39 |
| input                : copy                  :  213  : ~      : ~     :  38 |
| timer                : during                :   30  : ~      : ~     :  39 |
-------------------------------------------------------------------------------
